C:\Program Files\Microsoft Visual Studio\2022\Community\MSBuild\Microsoft\VC\v170\Microsoft.CppBuild.targets(514,5): warning MSB8028: O diretório intermediário (x64\Debug\) contém arquivos compartilhados de outro projeto (HelloTriangle-ThiagoThomas.vcxproj, ThiagoThomas.vcxproj). Isso pode levar a um comportamento incorreto de limpeza e recompilação.
  Limite.cpp
  JanelaJogo.cpp
C:\thiago-trabalhos\Faculdade\2022.2\processamento-grafico-repo\PG2022-2\trabalhoGA\app\TrabalhoGA\JanelaJogo.cpp(37,53): warning C4244: 'argumento': conversão de 'GLfloat' para 'int', possível perda de dados
C:\thiago-trabalhos\Faculdade\2022.2\processamento-grafico-repo\PG2022-2\trabalhoGA\app\TrabalhoGA\JanelaJogo.cpp(37,38): warning C4244: 'argumento': conversão de 'GLfloat' para 'int', possível perda de dados
C:\thiago-trabalhos\Faculdade\2022.2\processamento-grafico-repo\PG2022-2\trabalhoGA\app\TrabalhoGA\JanelaJogo.cpp(125,71): warning C4244: 'argumento': conversão de 'int' para 'GLfloat', possível perda de dados
C:\thiago-trabalhos\Faculdade\2022.2\processamento-grafico-repo\PG2022-2\trabalhoGA\app\TrabalhoGA\JanelaJogo.cpp(197,35): warning C4244: 'argumento': conversão de 'GLfloat' para 'GLsizei', possível perda de dados
C:\thiago-trabalhos\Faculdade\2022.2\processamento-grafico-repo\PG2022-2\trabalhoGA\app\TrabalhoGA\JanelaJogo.cpp(197,25): warning C4244: 'argumento': conversão de 'GLfloat' para 'GLsizei', possível perda de dados
C:\thiago-trabalhos\Faculdade\2022.2\processamento-grafico-repo\PG2022-2\trabalhoGA\app\TrabalhoGA\JanelaJogo.cpp(197,19): warning C4244: 'argumento': conversão de 'float' para 'GLint', possível perda de dados
C:\thiago-trabalhos\Faculdade\2022.2\processamento-grafico-repo\PG2022-2\trabalhoGA\app\TrabalhoGA\JanelaJogo.cpp(197,13): warning C4244: 'argumento': conversão de 'float' para 'GLint', possível perda de dados
  PlayerSprite.cpp
  Source.cpp
C:\thiago-trabalhos\Faculdade\2022.2\processamento-grafico-repo\PG2022-2\trabalhoGA\app\TrabalhoGA\Source.cpp(8,10): warning C4067: tokens inesperados após diretiva de pré-processador - esperado um newline
  Sprite.cpp
  stb_image.cpp
  Vetor2.cpp
  Gerando Código...
  glad.c
JanelaJogo.obj : error LNK2019: símbolo externo não resolvido, __imp_glBindTexture, referenciado na função "private: unsigned int __cdecl JanelaJogo::loadAndBufferTexture(class std::basic_string<char,struct std::char_traits<char>,class std::allocator<char> >)" (?loadAndBufferTexture@JanelaJogo@@AEAAIV?$basic_string@DU?$char_traits@D@std@@V?$allocator@D@2@@std@@@Z)
Sprite.obj : error LNK2001: símbolo externo não resolvido __imp_glBindTexture
JanelaJogo.obj : error LNK2019: símbolo externo não resolvido, __imp_glDeleteTextures, referenciado na função "public: __cdecl JanelaJogo::~JanelaJogo(void)" (??1JanelaJogo@@QEAA@XZ)
JanelaJogo.obj : error LNK2019: símbolo externo não resolvido, __imp_glEnableClientState, referenciado na função "private: void __cdecl JanelaJogo::setupGL(void)" (?setupGL@JanelaJogo@@AEAAXXZ)
JanelaJogo.obj : error LNK2019: símbolo externo não resolvido, __imp_glGenTextures, referenciado na função "private: unsigned int __cdecl JanelaJogo::loadAndBufferTexture(class std::basic_string<char,struct std::char_traits<char>,class std::allocator<char> >)" (?loadAndBufferTexture@JanelaJogo@@AEAAIV?$basic_string@DU?$char_traits@D@std@@V?$allocator@D@2@@std@@@Z)
JanelaJogo.obj : error LNK2019: símbolo externo não resolvido, __imp_glMatrixMode, referenciado na função "private: void __cdecl JanelaJogo::setupGL(void)" (?setupGL@JanelaJogo@@AEAAXXZ)
JanelaJogo.obj : error LNK2019: símbolo externo não resolvido, __imp_glOrtho, referenciado na função "private: void __cdecl JanelaJogo::setupGL(void)" (?setupGL@JanelaJogo@@AEAAXXZ)
JanelaJogo.obj : error LNK2019: símbolo externo não resolvido, __imp_glTexCoordPointer, referenciado na função "private: void __cdecl JanelaJogo::setupGL(void)" (?setupGL@JanelaJogo@@AEAAXXZ)
JanelaJogo.obj : error LNK2019: símbolo externo não resolvido, __imp_glVertexPointer, referenciado na função "private: void __cdecl JanelaJogo::setupGL(void)" (?setupGL@JanelaJogo@@AEAAXXZ)
JanelaJogo.obj : error LNK2019: símbolo externo não resolvido, glfwPollEvents, referenciado na função "public: void __cdecl JanelaJogo::renderizar(void)" (?renderizar@JanelaJogo@@QEAAXXZ)
JanelaJogo.obj : error LNK2019: símbolo externo não resolvido, glfwGetKey, referenciado na função "private: void __cdecl JanelaJogo::atualizaFoguete(void)" (?atualizaFoguete@JanelaJogo@@AEAAXXZ)
JanelaJogo.obj : error LNK2019: símbolo externo não resolvido, glfwSwapBuffers, referenciado na função "public: void __cdecl JanelaJogo::renderizar(void)" (?renderizar@JanelaJogo@@QEAAXXZ)
Source.obj : error LNK2019: símbolo externo não resolvido, glfwInit, referenciado na função main
Source.obj : error LNK2019: símbolo externo não resolvido, glfwTerminate, referenciado na função main
Source.obj : error LNK2019: símbolo externo não resolvido, glfwCreateWindow, referenciado na função main
Source.obj : error LNK2019: símbolo externo não resolvido, glfwWindowShouldClose, referenciado na função main
Source.obj : error LNK2019: símbolo externo não resolvido, glfwSetWindowShouldClose, referenciado na função "void __cdecl key_callback(struct GLFWwindow *,int,int,int,int)" (?key_callback@@YAXPEAUGLFWwindow@@HHHH@Z)
Source.obj : error LNK2019: símbolo externo não resolvido, glfwSetKeyCallback, referenciado na função main
Source.obj : error LNK2019: símbolo externo não resolvido, glfwSetMouseButtonCallback, referenciado na função main
Source.obj : error LNK2019: símbolo externo não resolvido, glfwGetTime, referenciado na função main
Source.obj : error LNK2019: símbolo externo não resolvido, glfwMakeContextCurrent, referenciado na função main
Source.obj : error LNK2019: símbolo externo não resolvido, glfwSwapInterval, referenciado na função main
Source.obj : error LNK2019: símbolo externo não resolvido, glfwGetProcAddress, referenciado na função main
Sprite.obj : error LNK2019: símbolo externo não resolvido, __imp_glDrawArrays, referenciado na função "public: void __cdecl Sprite::renderizar(void)" (?renderizar@Sprite@@QEAAXXZ)
Sprite.obj : error LNK2019: símbolo externo não resolvido, __imp_glLoadIdentity, referenciado na função "public: void __cdecl Sprite::renderizar(void)" (?renderizar@Sprite@@QEAAXXZ)
Sprite.obj : error LNK2019: símbolo externo não resolvido, __imp_glRotatef, referenciado na função "public: void __cdecl Sprite::renderizar(void)" (?renderizar@Sprite@@QEAAXXZ)
Sprite.obj : error LNK2019: símbolo externo não resolvido, __imp_glTranslatef, referenciado na função "public: void __cdecl Sprite::renderizar(void)" (?renderizar@Sprite@@QEAAXXZ)
C:\thiago-trabalhos\Faculdade\2022.2\processamento-grafico-repo\PG2022-2\trabalhoGA\app\x64\Debug\TrabalhoGA.exe : fatal error LNK1120: 26 externo não resolvidos
