C:\Program Files\Microsoft Visual Studio\2022\Community\MSBuild\Microsoft\VC\v170\Microsoft.CppBuild.targets(514,5): warning MSB8028: O diretório intermediário (Debug\) contém arquivos compartilhados de outro projeto (HelloTriangle.vcxproj). Isso pode levar a um comportamento incorreto de limpeza e recompilação.
  Limite.cpp
  JanelaJogo.cpp
C:\thiago-trabalhos\Faculdade\2022.2\processamento-grafico-repo\PG2022-2\trabalhoGA\app\HelloTriangle\JanelaJogo.cpp(37,53): warning C4244: 'argumento': conversão de 'GLfloat' para 'int', possível perda de dados
C:\thiago-trabalhos\Faculdade\2022.2\processamento-grafico-repo\PG2022-2\trabalhoGA\app\HelloTriangle\JanelaJogo.cpp(37,38): warning C4244: 'argumento': conversão de 'GLfloat' para 'int', possível perda de dados
C:\thiago-trabalhos\Faculdade\2022.2\processamento-grafico-repo\PG2022-2\trabalhoGA\app\HelloTriangle\JanelaJogo.cpp(125,71): warning C4244: 'argumento': conversão de 'int' para 'GLfloat', possível perda de dados
C:\thiago-trabalhos\Faculdade\2022.2\processamento-grafico-repo\PG2022-2\trabalhoGA\app\HelloTriangle\JanelaJogo.cpp(197,35): warning C4244: 'argumento': conversão de 'GLfloat' para 'GLsizei', possível perda de dados
C:\thiago-trabalhos\Faculdade\2022.2\processamento-grafico-repo\PG2022-2\trabalhoGA\app\HelloTriangle\JanelaJogo.cpp(197,25): warning C4244: 'argumento': conversão de 'GLfloat' para 'GLsizei', possível perda de dados
C:\thiago-trabalhos\Faculdade\2022.2\processamento-grafico-repo\PG2022-2\trabalhoGA\app\HelloTriangle\JanelaJogo.cpp(197,19): warning C4244: 'argumento': conversão de 'float' para 'GLint', possível perda de dados
C:\thiago-trabalhos\Faculdade\2022.2\processamento-grafico-repo\PG2022-2\trabalhoGA\app\HelloTriangle\JanelaJogo.cpp(197,13): warning C4244: 'argumento': conversão de 'float' para 'GLint', possível perda de dados
  PlayerSprite.cpp
  Source.cpp
C:\thiago-trabalhos\Faculdade\2022.2\processamento-grafico-repo\PG2022-2\trabalhoGA\app\HelloTriangle\Source.cpp(8,10): warning C4067: tokens inesperados após diretiva de pré-processador - esperado um newline
  Sprite.cpp
  stb_image.cpp
  Vetor2.cpp
  Gerando Código...
  glad.c
LINK : warning LNK4098: defaultlib 'MSVCRT' conflita com uso de outras bibliotecas; use /NODEFAULTLIB:library
  HelloTriangle.vcxproj -> C:\thiago-trabalhos\Faculdade\2022.2\processamento-grafico-repo\PG2022-2\trabalhoGA\app\Debug\HelloTriangle-ThiagoThomas.exe
